This is XeTeX, Version 3.141592653-2.6-0.999995 (TeX Live 2023) (preloaded format=xelatex 2023.12.8)  20 FEB 2024 15:40
entering extended mode
 restricted \write18 enabled.
 %&-line parsing enabled.
**proof_bayes_est.tex
(./proof_bayes_est.tex
LaTeX2e <2023-11-01>
L3 programming layer <2023-11-09>

! LaTeX Error: File `beamer.cls' not found.

Type X to quit or <RETURN> to proceed,
or enter new name. (Default extension: cls)

Enter file name: 
! Emergency stop.
<read *> 
         
l.8 \usepackage
               {pgfpages}^^M 
Here is how much of TeX's memory you used:
 28 strings out of 476923
 553 string characters out of 5804327
 1916186 words of memory out of 5000000
 21998 multiletter control sequences out of 15000+600000
 558069 words of font info for 36 fonts, out of 8000000 for 9000
 14 hyphenation exceptions out of 8191
 19i,0n,29p,94b,17s stack positions out of 10000i,1000n,20000p,200000b,200000s

No pages of output.
